<?xml version="1.0" encoding="UTF-8"?>
<testng-results ignored="0" total="1" passed="1" failed="0" skipped="0">
  <reporter-output>
  </reporter-output>
  <suite started-at="2020-02-11T23:27:50Z" name="Surefire suite" finished-at="2020-02-11T23:27:56Z" duration-ms="5370">
    <groups>
      <group name="cucumber">
        <method signature="AbstractTestNGCucumberTests.runScenario(cucumber.api.testng.PickleEventWrapper, cucumber.api.testng.CucumberFeatureWrapper)[pri:0, instance:runners.Runner@17211155]" name="runScenario" class="cucumber.api.testng.AbstractTestNGCucumberTests"/>
      </group> <!-- cucumber -->
    </groups>
    <test started-at="2020-02-11T23:27:50Z" name="Surefire test" finished-at="2020-02-11T23:27:56Z" duration-ms="5370">
      <class name="runners.Runner">
        <test-method is-config="true" signature="setUp()[pri:0, instance:runners.Runner@17211155]" started-at="2020-02-11T23:27:50Z" name="setUp" finished-at="2020-02-11T23:27:50Z" duration-ms="52" status="PASS">
          <reporter-output>
          </reporter-output>
        </test-method> <!-- setUp -->
        <test-method is-config="true" signature="setUpClass()[pri:0, instance:runners.Runner@17211155]" started-at="2020-02-11T23:27:50Z" name="setUpClass" finished-at="2020-02-11T23:27:51Z" duration-ms="290" status="PASS">
          <reporter-output>
          </reporter-output>
        </test-method> <!-- setUpClass -->
        <test-method is-config="true" signature="startTest()[pri:0, instance:runners.Runner@17211155]" started-at="2020-02-11T23:27:51Z" name="startTest" finished-at="2020-02-11T23:27:55Z" duration-ms="3999" status="PASS">
          <reporter-output>
          </reporter-output>
        </test-method> <!-- startTest -->
        <test-method signature="runScenario(cucumber.api.testng.PickleEventWrapper, cucumber.api.testng.CucumberFeatureWrapper)[pri:0, instance:runners.Runner@17211155]" started-at="2020-02-11T23:27:55Z" name="runScenario" description="Runs Cucumber Scenarios" data-provider="scenarios" finished-at="2020-02-11T23:27:55Z" duration-ms="809" status="PASS">
          <params>
            <param index="0">
              <value>
                <![CDATA["testing"]]>
              </value>
            </param>
            <param index="1">
              <value>
                <![CDATA["test"]]>
              </value>
            </param>
          </params>
          <reporter-output>
          </reporter-output>
        </test-method> <!-- runScenario -->
        <test-method is-config="true" signature="tearDownClass()[pri:0, instance:runners.Runner@17211155]" started-at="2020-02-11T23:27:55Z" name="tearDownClass" finished-at="2020-02-11T23:27:56Z" duration-ms="144" status="PASS">
          <reporter-output>
          </reporter-output>
        </test-method> <!-- tearDownClass -->
      </class> <!-- runners.Runner -->
    </test> <!-- Surefire test -->
  </suite> <!-- Surefire suite -->
</testng-results>
